<?xml version="1.0" encoding="UTF-8"?>
<testng-results ignored="0" total="1" passed="1" failed="0" skipped="0">
  <reporter-output>
  </reporter-output>
  <suite started-at="2025-06-25T14:38:21 IST" name="Default suite" finished-at="2025-06-25T14:38:21 IST" duration-ms="66">
    <groups>
    </groups>
    <test started-at="2025-06-25T14:38:21 IST" name="Default test" finished-at="2025-06-25T14:38:21 IST" duration-ms="66">
      <class name="TestNGTest.CreateOrgTest">
        <test-method signature="createorg()[pri:0, instance:TestNGTest.CreateOrgTest@5e2c3d18]" started-at="2025-06-25T14:38:21 IST" name="createorg" finished-at="2025-06-25T14:38:21 IST" duration-ms="11" status="PASS">
          <reporter-output>
          </reporter-output>
        </test-method> <!-- createorg -->
      </class> <!-- TestNGTest.CreateOrgTest -->
    </test> <!-- Default test -->
  </suite> <!-- Default suite -->
</testng-results>
